[debug] [2020-02-21T23:38:37.032Z] ----------------------------------------------------------------------
[debug] [2020-02-21T23:38:37.034Z] Command:       C:\Program Files\nodejs\node.exe C:\Users\DELL\AppData\Roaming\npm\node_modules\firebase-tools\lib\bin\firebase.js init
[debug] [2020-02-21T23:38:37.034Z] CLI Version:   7.13.1
[debug] [2020-02-21T23:38:37.034Z] Platform:      win32
[debug] [2020-02-21T23:38:37.034Z] Node Version:  v12.16.1
[debug] [2020-02-21T23:38:37.039Z] Time:          Sat Feb 22 2020 01:38:37 GMT+0200 (Eastern European Standard Time)
[debug] [2020-02-21T23:38:37.039Z] ----------------------------------------------------------------------
[debug] [2020-02-21T23:38:37.039Z] 
[debug] [2020-02-21T23:38:37.052Z] > command requires scopes: ["email","openid","https://www.googleapis.com/auth/cloudplatformprojects.readonly","https://www.googleapis.com/auth/firebase","https://www.googleapis.com/auth/cloud-platform"]
[debug] [2020-02-21T23:38:37.053Z] > authorizing via signed-in user
[info] 
     ######## #### ########  ######## ########     ###     ######  ########
     ##        ##  ##     ## ##       ##     ##  ##   ##  ##       ##
     ######    ##  ########  ######   ########  #########  ######  ######
     ##        ##  ##    ##  ##       ##     ## ##     ##       ## ##
     ##       #### ##     ## ######## ########  ##     ##  ######  ########

You're about to initialize a Firebase project in this directory:

  C:\projects\react-trello

Before we get started, keep in mind:

  * You are currently outside your home directory
  * You are initializing in an existing Firebase project directory

